   ▲ Next.js 15.3.4
   - Local:        http://localhost:3000
   - Network:      http://0.0.0.0:3000
   - Environments: .env.local

 ✓ Starting...
 ✓ Ready in 1449ms
 ✓ Compiled /middleware in 227ms (224 modules)
 ○ Compiling /settings/smtp ...
 ✓ Compiled /settings/smtp in 2.1s (1373 modules)
 GET /settings/smtp 200 in 2516ms
 ✓ Compiled in 475ms (570 modules)
 GET /settings/smtp 200 in 47ms
 ✓ Compiled in 490ms (1373 modules)
 ✓ Compiled in 327ms (1373 modules)
 ✓ Compiled /_not-found in 350ms (1363 modules)
 GET /settings/smtp 404 in 461ms
 GET /settings/smtp 200 in 13ms
 GET /settings/smtp 200 in 116ms
 GET /.well-known/appspecific/com.chrome.devtools.json 404 in 49ms
   Reload env: .env.local
 ⚠ Fast Refresh had to perform a full reload. Read more: https://nextjs.org/docs/messages/fast-refresh-reload
 ✓ Compiled in 2.9s (1610 modules)
 GET /settings/smtp 200 in 1165ms
 GET /.well-known/appspecific/com.chrome.devtools.json 404 in 36ms
<w> [webpack.cache.PackFileCacheStrategy] Serializing big strings (149kiB) impacts deserialization performance (consider using Buffer instead and decode when needed)
 ✓ Compiled in 135ms (573 modules)
 GET /settings/smtp 200 in 17ms
 ✓ Compiled in 124ms (573 modules)
 GET /settings/smtp 200 in 15ms
 ✓ Compiled in 507ms (1373 modules)
 GET /settings/smtp 200 in 96ms
 ✓ Compiled in 379ms (1359 modules)
 ✓ Compiled in 568ms (1376 modules)
 GET /settings/smtp 200 in 102ms
 ✓ Compiled in 422ms (1376 modules)
 GET /settings/smtp 200 in 99ms
 ✓ Compiled in 373ms (1376 modules)
 GET /settings/smtp 200 in 96ms
 ⚠ Fast Refresh had to perform a full reload. Read more: https://nextjs.org/docs/messages/fast-refresh-reload
 GET /settings/smtp 200 in 121ms
 ✓ Compiled in 203ms (1376 modules)
 GET /settings/smtp 200 in 48ms
 GET /settings/smtp 200 in 139ms
 ✓ Compiled in 514ms (1376 modules)
 GET /settings/smtp 200 in 92ms
 ✓ Compiled in 214ms (1376 modules)
 GET /settings/smtp 200 in 63ms
 ✓ Compiled in 572ms (1376 modules)
 GET /settings/smtp 200 in 106ms
 ○ Compiling / ...
 ✓ Compiled / in 1823ms (1627 modules)
 GET / 200 in 1978ms
 ✓ Compiled in 621ms (1641 modules)
 GET / 200 in 90ms
 ✓ Compiled in 258ms (1641 modules)
 GET / 200 in 65ms
 ○ Compiling /_not-found ...
 ✓ Compiled /_not-found in 599ms (1631 modules)
 GET /.well-known/appspecific/com.chrome.devtools.json 404 in 775ms
 GET / 200 in 17ms
 GET / 200 in 203ms
 GET /.well-known/appspecific/com.chrome.devtools.json 404 in 31ms
 ✓ Compiled in 737ms (1641 modules)
 GET / 200 in 89ms
 ✓ Compiled in 370ms (1641 modules)
 GET / 200 in 48ms
 ✓ Compiled in 549ms (1641 modules)
 GET / 200 in 50ms
 ✓ Compiled in 258ms (1641 modules)
 GET / 200 in 44ms
 ✓ Compiled in 556ms (1641 modules)
 GET / 200 in 58ms
 ✓ Compiled in 425ms (1641 modules)
 GET / 200 in 60ms
 ✓ Compiled in 448ms (1641 modules)
 GET / 200 in 63ms
 ✓ Compiled in 477ms (1641 modules)
 GET / 200 in 58ms
 ✓ Compiled in 316ms (1641 modules)
 GET / 200 in 76ms
 ✓ Compiled in 386ms (1641 modules)
 GET / 200 in 53ms
 ✓ Compiled in 478ms (1641 modules)
 GET / 200 in 66ms
 GET / 200 in 269ms
 ○ Compiling /_not-found ...
 ✓ Compiled /_not-found in 1258ms (1631 modules)
 GET /.well-known/appspecific/com.chrome.devtools.json 404 in 1399ms
 GET / 200 in 199ms
 GET /.well-known/appspecific/com.chrome.devtools.json 404 in 52ms
 ✓ Compiled in 706ms (1641 modules)
 GET / 200 in 80ms
 ✓ Compiled in 600ms (1641 modules)
 GET / 200 in 77ms
 ✓ Compiled in 435ms (1641 modules)
 GET / 200 in 150ms
 ✓ Compiled in 391ms (1641 modules)
 GET / 200 in 96ms
 ✓ Compiled in 408ms (1641 modules)
 GET / 200 in 67ms
 ✓ Compiled in 281ms (1641 modules)
 GET / 200 in 44ms
 ✓ Compiled in 312ms (1641 modules)
 GET / 200 in 90ms
 ✓ Compiled in 693ms (1643 modules)
 GET / 200 in 48ms
 ✓ Compiled in 355ms (1643 modules)
 GET / 200 in 40ms
 ✓ Compiled in 427ms (1645 modules)
 GET / 200 in 63ms
 ✓ Compiled /sign-in/[[...sign-in]] in 493ms (1636 modules)
 GET /sign-in?redirect_url=http%3A%2F%2F192.168.2.114%3A3000%2F 200 in 2792ms
 GET / 200 in 203ms
 GET /sign-in?redirect_url=http%3A%2F%2Flocalhost%3A3000%2F 200 in 77ms
 GET /sign-in/SignIn_clerk_catchall_check_1750860350316 200 in 34ms
 GET /sign-in/sso-callback?sign_in_fallback_redirect_url=http%3A%2F%2Flocalhost%3A3000%2F&redirect_url=http%3A%2F%2Flocalhost%3A3000%2F 200 in 95ms
 GET /sign-in/sso-callback/SignIn_clerk_catchall_check_1750860392583 200 in 44ms
 POST /sign-in/sso-callback?sign_in_fallback_redirect_url=http%3A%2F%2Flocalhost%3A3000%2F&redirect_url=http%3A%2F%2Flocalhost%3A3000%2F 200 in 94ms
 GET / 200 in 13ms
 GET / 200 in 11ms
 GET / 200 in 66ms
 ○ Compiling /_not-found ...
 ✓ Compiled /_not-found in 590ms (1640 modules)
 GET /.well-known/appspecific/com.chrome.devtools.json 404 in 746ms
 ✓ Compiled in 693ms (1654 modules)
 GET / 200 in 93ms
 GET / 200 in 96ms
 ✓ Compiled in 590ms (1654 modules)
 GET / 200 in 74ms
 GET / 200 in 90ms
 ✓ Compiled in 338ms (1654 modules)
 GET / 200 in 100ms
 GET / 200 in 81ms
 ✓ Compiled in 310ms (1654 modules)
 GET / 200 in 100ms
 GET / 200 in 102ms
 ✓ Compiled in 404ms (1654 modules)
 GET / 200 in 169ms
 GET / 200 in 174ms
 ⨯ ./components/recipients-tab.tsx
Error:   [31mx[0m Unexpected token `div`. Expected jsx identifier
     ,-[[36;1;4m/Users/vdiacone/Work/EmailCraftmaster/components/recipients-tab.tsx[0m:477:1]
 [2m474[0m |   }
 [2m475[0m | 
 [2m476[0m |   return (
 [2m477[0m |     <div className="space-y-6">
     : [35;1m     ^^^[0m
 [2m478[0m |       <Card>
 [2m479[0m |         <CardHeader>
 [2m480[0m |           <CardTitle>Upload Recipients</CardTitle>
     `----

Caused by:
    Syntax Error

Import trace for requested module:
./components/recipients-tab.tsx
./app/page.tsx
 ✓ Compiled in 748ms (1654 modules)
 GET / 200 in 511ms
 GET / 200 in 24ms
 ✓ Compiled in 649ms (1654 modules)
 GET / 200 in 89ms
 GET / 200 in 90ms
 ✓ Compiled in 714ms (1654 modules)
 GET / 200 in 154ms
 GET / 200 in 155ms
 ✓ Compiled in 806ms (1654 modules)
 GET / 200 in 51ms
 GET / 200 in 12ms
 ✓ Compiled in 430ms (1654 modules)
 GET / 200 in 69ms
 GET / 200 in 76ms
 GET / 200 in 379ms
 ○ Compiling /_not-found ...
 ✓ Compiled /_not-found in 623ms (1644 modules)
 GET /.well-known/appspecific/com.chrome.devtools.json 404 in 721ms
 ✓ Compiled in 704ms (1654 modules)
 GET / 200 in 54ms
 GET / 200 in 10ms
 ✓ Compiled in 323ms (1654 modules)
 GET / 200 in 48ms
 GET / 200 in 49ms
 GET / 200 in 278ms
 ✓ Compiled /_not-found in 305ms (1644 modules)
 GET /.well-known/appspecific/com.chrome.devtools.json 404 in 421ms
 ✓ Compiled in 726ms (1654 modules)
 GET / 200 in 57ms
 GET / 200 in 8ms
 ✓ Compiled in 556ms (1654 modules)
 GET / 200 in 47ms
 GET / 200 in 15ms
 ⚠ Fast Refresh had to perform a full reload. Read more: https://nextjs.org/docs/messages/fast-refresh-reload
 ⚠ Fast Refresh had to perform a full reload. Read more: https://nextjs.org/docs/messages/fast-refresh-reload
 GET / 200 in 176ms
 ✓ Compiled /_not-found in 257ms (1644 modules)
 GET /.well-known/appspecific/com.chrome.devtools.json 404 in 363ms
 GET / 200 in 132ms
 ✓ Compiled in 647ms (1658 modules)
 GET / 200 in 92ms
 ✓ Compiled in 708ms (1654 modules)
 GET / 200 in 91ms
 GET / 200 in 10ms
 ✓ Compiled in 463ms (1654 modules)
 GET / 200 in 93ms
 ✓ Compiled in 582ms (1654 modules)
 GET / 200 in 41ms
 ✓ Compiled in 729ms (1654 modules)
 GET / 200 in 103ms
 ✓ Compiled in 501ms (1654 modules)
 GET / 200 in 121ms
 ✓ Compiled in 498ms (1654 modules)
 GET / 200 in 57ms
 ✓ Compiled in 537ms (1654 modules)
 GET / 200 in 43ms
